<?xml version="1.0" encoding="UTF-8"?>
<!-- Generated by org.testng.reporters.JUnitReportReporter -->
<testsuite hostname="TCOEW42SLPC6899" failures="0" tests="3" name="zensar.selenium.testclasses.TestNGParameters" time="0.011" errors="0" timestamp="2022-05-29T10:40:05 IST" skipped="0">
  <testcase classname="zensar.selenium.testclasses.TestNGParameters" name="printValues" time="0.001"/>
  <system-out/>
  <testcase classname="zensar.selenium.testclasses.TestNGParameters" name="printValues" time="0.002"/>
  <system-out/>
  <testcase classname="zensar.selenium.testclasses.TestNGParameters" name="printValues" time="0.008"/>
  <system-out/>
</testsuite> <!-- zensar.selenium.testclasses.TestNGParameters -->
