<?xml version="1.0" encoding="UTF-8"?>
<!-- Generated by org.testng.reporters.JUnitReportReporter -->
<testsuite hostname="TCOEW42SLPC6899" failures="0" tests="2" name="zensar.selenium.testclasses.GroupTest" time="0.016" errors="0" timestamp="2022-05-28T19:25:52 IST" skipped="0">
  <testcase classname="zensar.selenium.testclasses.GroupTest" name="test5" time="0.007"/>
  <system-out/>
  <testcase classname="zensar.selenium.testclasses.GroupTest" name="test4" time="0.009"/>
  <system-out/>
</testsuite> <!-- zensar.selenium.testclasses.GroupTest -->
