<?xml version="1.0" encoding="UTF-8"?>
<!-- Generated by org.testng.reporters.JUnitReportReporter -->
<testsuite hostname="TCOEW42SLPC6899" failures="0" tests="4" name="zensar.selenium.testclasses.DependentTests" time="0.009" errors="0" timestamp="2022-05-29T17:02:15 IST" skipped="0">
  <testcase classname="zensar.selenium.testclasses.DependentTests" name="xyz" time="0.007"/>
  <system-out/>
  <testcase classname="zensar.selenium.testclasses.DependentTests" name="abc" time="0.001"/>
  <system-out/>
  <testcase classname="zensar.selenium.testclasses.DependentTests" name="qwe" time="0.001"/>
  <system-out/>
  <testcase classname="zensar.selenium.testclasses.DependentTests" name="asd" time="0.000"/>
  <system-out/>
</testsuite> <!-- zensar.selenium.testclasses.DependentTests -->
