<?xml version="1.0" encoding="UTF-8"?>
<!-- Generated by org.testng.reporters.JUnitReportReporter -->
<testsuite hostname="TCOEW42SLPC6899" failures="0" tests="1" name="zensar.restapi.testclasses.TestRestAssured" time="1.526" errors="0" timestamp="2022-06-05T12:11:14 IST" skipped="0">
  <testcase classname="zensar.restapi.testclasses.TestRestAssured" name="testTime" time="1.526"/>
  <system-out/>
</testsuite> <!-- zensar.restapi.testclasses.TestRestAssured -->
