<?xml version="1.0" encoding="UTF-8"?>
<!-- Generated by org.testng.reporters.JUnitReportReporter -->
<testsuite hostname="TCOEW42SLPC6899" failures="0" tests="1" name="zensar.selenium.testclasses.TestNGAnnotations" time="0.004" errors="0" timestamp="2022-05-29T16:48:06 IST" skipped="0">
  <testcase classname="zensar.selenium.testclasses.TestNGAnnotations" name="Test" time="0.004"/>
  <system-out/>
</testsuite> <!-- zensar.selenium.testclasses.TestNGAnnotations -->
