<?xml version="1.0" encoding="UTF-8"?>
<!-- Generated by org.testng.reporters.JUnitReportReporter -->
<testsuite hostname="TCOEW42SLPC6899" failures="0" tests="1" name="zensar.selenium.testclasses.SeleniumTest1" time="17.480" errors="0" timestamp="2022-05-29T16:56:11 IST" skipped="0">
  <testcase classname="zensar.selenium.testclasses.SeleniumTest1" name="test1" time="17.480"/>
  <system-out/>
</testsuite> <!-- zensar.selenium.testclasses.SeleniumTest1 -->
